<?xml version="1.0" encoding="UTF-8"?>
<testsuites>
  <testsuite name="fastlane.lanes">
    
    
    
      
      <testcase classname="fastlane.lanes" name="0: default_platform" time="0.008463">
        
      </testcase>
    
      
      <testcase classname="fastlane.lanes" name="1: pod_push" time="30.112979">
        
          <failure message="/Library/Ruby/Gems/2.3.0/gems/fastlane-2.116.0/fastlane/lib/fastlane/actions/actions_helper.rb:48:in `execute_action'&#10;/Library/Ruby/Gems/2.3.0/gems/fastlane-2.116.0/fastlane/lib/fastlane/runner.rb:232:in `block in execute_action'&#10;/Library/Ruby/Gems/2.3.0/gems/fastlane-2.116.0/fastlane/lib/fastlane/runner.rb:227:in `chdir'&#10;/Library/Ruby/Gems/2.3.0/gems/fastlane-2.116.0/fastlane/lib/fastlane/runner.rb:227:in `execute_action'&#10;/Library/Ruby/Gems/2.3.0/gems/fastlane-2.116.0/fastlane/lib/fastlane/runner.rb:157:in `trigger_action_by_name'&#10;/Library/Ruby/Gems/2.3.0/gems/fastlane-2.116.0/fastlane/lib/fastlane/fast_file.rb:154:in `method_missing'&#10;Fastfile:7:in `block (2 levels) in parsing_binding'&#10;/Library/Ruby/Gems/2.3.0/gems/fastlane-2.116.0/fastlane/lib/fastlane/lane.rb:33:in `call'&#10;/Library/Ruby/Gems/2.3.0/gems/fastlane-2.116.0/fastlane/lib/fastlane/runner.rb:49:in `block in execute'&#10;/Library/Ruby/Gems/2.3.0/gems/fastlane-2.116.0/fastlane/lib/fastlane/runner.rb:45:in `chdir'&#10;/Library/Ruby/Gems/2.3.0/gems/fastlane-2.116.0/fastlane/lib/fastlane/runner.rb:45:in `execute'&#10;/Library/Ruby/Gems/2.3.0/gems/fastlane-2.116.0/fastlane/lib/fastlane/lane_manager.rb:56:in `cruise_lane'&#10;/Library/Ruby/Gems/2.3.0/gems/fastlane-2.116.0/fastlane/lib/fastlane/command_line_handler.rb:36:in `handle'&#10;/Library/Ruby/Gems/2.3.0/gems/fastlane-2.116.0/fastlane/lib/fastlane/commands_generator.rb:108:in `block (2 levels) in run'&#10;/Library/Ruby/Gems/2.3.0/gems/commander-fastlane-4.4.6/lib/commander/command.rb:178:in `call'&#10;/Library/Ruby/Gems/2.3.0/gems/commander-fastlane-4.4.6/lib/commander/command.rb:153:in `run'&#10;/Library/Ruby/Gems/2.3.0/gems/commander-fastlane-4.4.6/lib/commander/runner.rb:476:in `run_active_command'&#10;/Library/Ruby/Gems/2.3.0/gems/fastlane-2.116.0/fastlane_core/lib/fastlane_core/ui/fastlane_runner.rb:76:in `run!'&#10;/Library/Ruby/Gems/2.3.0/gems/commander-fastlane-4.4.6/lib/commander/delegates.rb:15:in `run!'&#10;/Library/Ruby/Gems/2.3.0/gems/fastlane-2.116.0/fastlane/lib/fastlane/commands_generator.rb:333:in `run'&#10;/Library/Ruby/Gems/2.3.0/gems/fastlane-2.116.0/fastlane/lib/fastlane/commands_generator.rb:41:in `start'&#10;/Library/Ruby/Gems/2.3.0/gems/fastlane-2.116.0/fastlane/lib/fastlane/cli_tools_distributor.rb:113:in `take_off'&#10;/Library/Ruby/Gems/2.3.0/gems/fastlane-2.116.0/bin/fastlane:23:in `&lt;top (required)&gt;'&#10;/usr/local/bin/fastlane:22:in `load'&#10;/usr/local/bin/fastlane:22:in `&lt;main&gt;'&#10;&#10;Exit status of command 'pod repo push Specs 'OCThirdParty.podspec' --allow-warnings --use-libraries' was 1 instead of 0.&#10;&#10;Validating spec&#10; -&gt; OCThirdParty -&gt; OCThirdParty (0.2.0)&#10;    - WARN  | github_sources: Github repositories should end in `.git`.&#10;    - ERROR | [OCThirdParty/MJRefresh] xcodebuild: Returned an unsuccessful exit code. You can use `--verbose` for more information.&#10;    - NOTE  | [OCThirdParty/MJRefresh,OCThirdParty/SDWebImage] xcodebuild:  note: Using new build system&#10;    - NOTE  | [OCThirdParty/MJRefresh,OCThirdParty/SDWebImage] xcodebuild:  note: Planning build&#10;    - NOTE  | [OCThirdParty/MJRefresh,OCThirdParty/SDWebImage] xcodebuild:  note: Constructing build description&#10;    - NOTE  | [OCThirdParty/MJRefresh] xcodebuild:  warning: The iOS Simulator deployment target is set to 6.0, but the range of supported deployment target versions for this platform is 8.0 to 12.1. (in target 'MJRefresh')&#10;    - NOTE  | [OCThirdParty/SDWebImage] xcodebuild:  warning: The iOS Simulator deployment target is set to 7.0, but the range of supported deployment target versions for this platform is 8.0 to 12.1. (in target 'SDWebImage')&#10;    - NOTE  | [OCThirdParty/MJRefresh,OCThirdParty/SDWebImage] xcodebuild:  warning: Skipping code signing because the target does not have an Info.plist file. (in target 'App')&#10;    - NOTE  | [OCThirdParty/MJRefresh] xcodebuild:  clang: error: linker command failed with exit code 1 (use -v to see invocation)&#10;&#10;[!] The `OCThirdParty.podspec` specification does not validate.&#10;" />
        
      </testcase>
    
  </testsuite>
</testsuites>
